{"/home/ram/Documents/Ghost/react-testing/src/components/application/application.tsx": {"path":"/home/ram/Documents/Ghost/react-testing/src/components/application/application.tsx","statementMap":{"0":{"start":{"line":1,"column":20},"end":{"line":35,"column":1}},"1":{"start":{"line":2,"column":2},"end":{"line":34,"column":4}}},"fnMap":{"0":{"name":"(anonymous_0)","decl":{"start":{"line":1,"column":20},"end":{"line":1,"column":21}},"loc":{"start":{"line":1,"column":26},"end":{"line":35,"column":1}},"line":1}},"branchMap":{},"s":{"0":1,"1":1},"f":{"0":1},"b":{},"_coverageSchema":"1a1c01bbd47fc00a2c39e90264f33305004495a9","hash":"b9253b13c40ae10751e174de3ad5a50fd08ec6cf"}
,"/home/ram/Documents/Ghost/react-testing/src/components/greet/greet.tsx": {"path":"/home/ram/Documents/Ghost/react-testing/src/components/greet/greet.tsx","statementMap":{"0":{"start":{"line":4,"column":14},"end":{"line":6,"column":1}},"1":{"start":{"line":5,"column":2},"end":{"line":5,"column":37}}},"fnMap":{"0":{"name":"(anonymous_0)","decl":{"start":{"line":4,"column":14},"end":{"line":4,"column":15}},"loc":{"start":{"line":4,"column":37},"end":{"line":6,"column":1}},"line":4}},"branchMap":{},"s":{"0":1,"1":2},"f":{"0":2},"b":{},"_coverageSchema":"1a1c01bbd47fc00a2c39e90264f33305004495a9","hash":"7696bbe27dcfeab701a16e899e7c2a57087f4f3a"}
}
